0 verbose cli C:\Program Files\nodejs\node.exe C:\Program Files\nodejs\node_modules\npm\bin\npm-cli.js
1 info using npm@11.6.0
2 info using node@v24.9.0
3 silly config load:file:C:\Program Files\nodejs\node_modules\npm\npmrc
4 silly config load:file:C:\Users\USER 1\Documents\my_Codes\Carement_Fashion\Carement_Central\Factory-Shop-ERP\.npmrc
5 silly config load:file:C:\Users\USER 1\.npmrc
6 silly config load:file:C:\Users\USER 1\AppData\Roaming\npm\etc\npmrc
7 verbose title npm install jspdf@latest
8 verbose argv "install" "jspdf@latest" "--cache" ".npm-cache" "--legacy-peer-deps" "--no-audit"
9 verbose logfile logs-max:10 dir:C:\Users\USER 1\Documents\my_Codes\Carement_Fashion\Carement_Central\Factory-Shop-ERP\.npm-cache\_logs\2026-01-17T17_26_53_933Z-
10 verbose logfile C:\Users\USER 1\Documents\my_Codes\Carement_Fashion\Carement_Central\Factory-Shop-ERP\.npm-cache\_logs\2026-01-17T17_26_53_933Z-debug-0.log
11 silly logfile done cleaning log files
12 silly packumentCache heap:4496293888 maxSize:1124073472 maxEntrySize:562036736
13 silly packumentCache corgi:https://registry.npmjs.org/jspdf cache-miss
14 http fetch GET 200 https://registry.npmjs.org/jspdf 450ms (cache miss)
15 silly packumentCache corgi:https://registry.npmjs.org/jspdf set size:undefined disposed:false
16 silly idealTree buildDeps
17 silly fetch manifest @genkit-ai/dotprompt@^1.21.0
18 silly packumentCache full:https://registry.npmjs.org/@genkit-ai%2fdotprompt cache-miss
19 http fetch GET 200 https://registry.npmjs.org/@genkit-ai%2fdotprompt 147ms (cache miss)
20 silly packumentCache full:https://registry.npmjs.org/@genkit-ai%2fdotprompt set size:undefined disposed:false
21 silly fetch manifest @genkit-ai/flow@^1.21.0
22 silly packumentCache full:https://registry.npmjs.org/@genkit-ai%2fflow cache-miss
23 http fetch GET 200 https://registry.npmjs.org/npm 965ms
24 http fetch GET 200 https://registry.npmjs.org/@genkit-ai%2fflow 129ms (cache miss)
25 silly packumentCache full:https://registry.npmjs.org/@genkit-ai%2fflow set size:undefined disposed:false
26 silly fetch manifest @hookform/resolvers@^3.9.0
27 silly packumentCache full:https://registry.npmjs.org/@hookform%2fresolvers cache-miss
28 http fetch GET 200 https://registry.npmjs.org/@hookform%2fresolvers 188ms (cache miss)
29 silly packumentCache full:https://registry.npmjs.org/@hookform%2fresolvers set size:undefined disposed:false
30 silly fetch manifest bcrypt@^5.1.1
31 silly packumentCache full:https://registry.npmjs.org/bcrypt cache-miss
32 http fetch GET 200 https://registry.npmjs.org/bcrypt 121ms (cache miss)
33 silly packumentCache full:https://registry.npmjs.org/bcrypt set size:undefined disposed:false
34 silly fetch manifest lucide-react@^0.438.0
35 silly packumentCache full:https://registry.npmjs.org/lucide-react cache-miss
36 http fetch GET 200 https://registry.npmjs.org/lucide-react 262ms (cache miss)
37 silly packumentCache full:https://registry.npmjs.org/lucide-react set size:undefined disposed:false
38 silly fetch manifest sharp@^0.33.5
39 silly packumentCache full:https://registry.npmjs.org/sharp cache-miss
40 http fetch GET 200 https://registry.npmjs.org/sharp 228ms (cache miss)
41 silly packumentCache full:https://registry.npmjs.org/sharp set size:undefined disposed:false
42 silly fetch manifest tailwind-merge@^2.5.2
43 silly packumentCache full:https://registry.npmjs.org/tailwind-merge cache-miss
44 http fetch GET 200 https://registry.npmjs.org/tailwind-merge 206ms (cache miss)
45 silly packumentCache full:https://registry.npmjs.org/tailwind-merge set size:undefined disposed:false
46 silly fetch manifest jspdf@4.0.0
47 silly packumentCache full:https://registry.npmjs.org/jspdf cache-miss
48 http fetch GET 200 https://registry.npmjs.org/jspdf 323ms (cache miss)
49 silly packumentCache full:https://registry.npmjs.org/jspdf set size:undefined disposed:false
50 silly placeDep ROOT @genkit-ai/dotprompt@ OK for: nextn@0.1.0 want: ^1.21.0
51 silly placeDep ROOT @genkit-ai/flow@ OK for: nextn@0.1.0 want: ^1.21.0
52 silly placeDep ROOT @hookform/resolvers@3.10.0 REPLACE for: nextn@0.1.0 want: ^3.9.0
53 silly placeDep ROOT bcrypt@5.1.1 REPLACE for: nextn@0.1.0 want: ^5.1.1
54 silly placeDep ROOT jspdf@4.0.0 REPLACE for: nextn@0.1.0 want: 4.0.0
55 silly placeDep ROOT lucide-react@0.438.0 REPLACE for: nextn@0.1.0 want: ^0.438.0
56 silly placeDep ROOT sharp@0.33.5 OK for: nextn@0.1.0 want: ^0.33.5
57 silly placeDep ROOT tailwind-merge@2.6.0 REPLACE for: nextn@0.1.0 want: ^2.5.2
58 silly fetch manifest node-addon-api@^5.0.0
59 silly packumentCache full:https://registry.npmjs.org/node-addon-api cache-miss
60 silly fetch manifest @mapbox/node-pre-gyp@^1.0.11
61 silly packumentCache full:https://registry.npmjs.org/@mapbox%2fnode-pre-gyp cache-miss
62 silly fetch manifest @babel/runtime@^7.28.4
63 silly packumentCache full:https://registry.npmjs.org/@babel%2fruntime cache-miss
64 silly fetch manifest fast-png@^6.2.0
65 silly packumentCache full:https://registry.npmjs.org/fast-png cache-miss
66 silly fetch manifest dompurify@^3.2.4
67 silly packumentCache full:https://registry.npmjs.org/dompurify cache-miss
68 silly fetch manifest color@^4.2.3
69 silly packumentCache full:https://registry.npmjs.org/color cache-miss
70 silly fetch manifest @img/sharp-wasm32@0.33.5
71 silly packumentCache full:https://registry.npmjs.org/@img%2fsharp-wasm32 cache-miss
72 silly fetch manifest @img/sharp-linux-arm@0.33.5
73 silly packumentCache full:https://registry.npmjs.org/@img%2fsharp-linux-arm cache-miss
74 silly fetch manifest @img/sharp-linux-x64@0.33.5
75 silly packumentCache full:https://registry.npmjs.org/@img%2fsharp-linux-x64 cache-miss
76 silly fetch manifest @img/sharp-win32-x64@0.33.5
77 silly packumentCache full:https://registry.npmjs.org/@img%2fsharp-win32-x64 cache-miss
78 silly fetch manifest @img/sharp-darwin-x64@0.33.5
79 silly packumentCache full:https://registry.npmjs.org/@img%2fsharp-darwin-x64 cache-miss
80 http fetch GET 200 https://registry.npmjs.org/node-addon-api 125ms (cache miss)
81 silly packumentCache full:https://registry.npmjs.org/node-addon-api set size:undefined disposed:false
82 silly fetch manifest @img/sharp-win32-ia32@0.33.5
83 silly packumentCache full:https://registry.npmjs.org/@img%2fsharp-win32-ia32 cache-miss
84 http fetch GET 200 https://registry.npmjs.org/@img%2fsharp-win32-ia32 121ms (cache miss)
85 silly packumentCache full:https://registry.npmjs.org/@img%2fsharp-win32-ia32 set size:undefined disposed:false
86 silly fetch manifest @img/sharp-linux-arm64@0.33.5
87 silly packumentCache full:https://registry.npmjs.org/@img%2fsharp-linux-arm64 cache-miss
88 http fetch GET 200 https://registry.npmjs.org/@mapbox%2fnode-pre-gyp 326ms (cache miss)
89 silly packumentCache full:https://registry.npmjs.org/@mapbox%2fnode-pre-gyp set size:undefined disposed:false
90 silly fetch manifest @img/sharp-linux-s390x@0.33.5
91 silly packumentCache full:https://registry.npmjs.org/@img%2fsharp-linux-s390x cache-miss
92 http fetch GET 200 https://registry.npmjs.org/color 389ms (cache miss)
93 silly packumentCache full:https://registry.npmjs.org/color set size:undefined disposed:false
94 silly fetch manifest @img/sharp-darwin-arm64@0.33.5
95 silly packumentCache full:https://registry.npmjs.org/@img%2fsharp-darwin-arm64 cache-miss
96 http fetch GET 200 https://registry.npmjs.org/@img%2fsharp-linux-arm64 158ms (cache miss)
97 silly packumentCache full:https://registry.npmjs.org/@img%2fsharp-linux-arm64 set size:undefined disposed:false
98 silly fetch manifest @img/sharp-linuxmusl-x64@0.33.5
99 silly packumentCache full:https://registry.npmjs.org/@img%2fsharp-linuxmusl-x64 cache-miss
100 http fetch GET 200 https://registry.npmjs.org/@img%2fsharp-linux-arm 412ms (cache miss)
101 silly packumentCache full:https://registry.npmjs.org/@img%2fsharp-linux-arm set size:undefined disposed:false
102 silly fetch manifest @img/sharp-linuxmusl-arm64@0.33.5
103 silly packumentCache full:https://registry.npmjs.org/@img%2fsharp-linuxmusl-arm64 cache-miss
104 http fetch GET 200 https://registry.npmjs.org/@img%2fsharp-darwin-x64 413ms (cache miss)
105 silly packumentCache full:https://registry.npmjs.org/@img%2fsharp-darwin-x64 set size:undefined disposed:false
106 silly fetch manifest @img/sharp-libvips-linux-arm@1.0.5
107 silly packumentCache full:https://registry.npmjs.org/@img%2fsharp-libvips-linux-arm cache-miss
108 http fetch GET 200 https://registry.npmjs.org/fast-png 417ms (cache miss)
109 silly packumentCache full:https://registry.npmjs.org/fast-png set size:undefined disposed:false
110 silly fetch manifest @img/sharp-libvips-linux-x64@1.0.4
111 silly packumentCache full:https://registry.npmjs.org/@img%2fsharp-libvips-linux-x64 cache-miss
112 http fetch GET 200 https://registry.npmjs.org/@img%2fsharp-win32-x64 419ms (cache miss)
113 silly packumentCache full:https://registry.npmjs.org/@img%2fsharp-win32-x64 set size:undefined disposed:false
114 silly fetch manifest @img/sharp-libvips-darwin-x64@1.0.4
115 silly packumentCache full:https://registry.npmjs.org/@img%2fsharp-libvips-darwin-x64 cache-miss
116 http fetch GET 200 https://registry.npmjs.org/@img%2fsharp-linux-x64 454ms (cache miss)
117 silly packumentCache full:https://registry.npmjs.org/@img%2fsharp-linux-x64 set size:undefined disposed:false
118 silly fetch manifest @img/sharp-libvips-linux-arm64@1.0.4
119 silly packumentCache full:https://registry.npmjs.org/@img%2fsharp-libvips-linux-arm64 cache-miss
120 http fetch GET 200 https://registry.npmjs.org/@img%2fsharp-linux-s390x 131ms (cache miss)
121 silly packumentCache full:https://registry.npmjs.org/@img%2fsharp-linux-s390x set size:undefined disposed:false
122 silly fetch manifest @img/sharp-libvips-linux-s390x@1.0.4
123 silly packumentCache full:https://registry.npmjs.org/@img%2fsharp-libvips-linux-s390x cache-miss
124 http fetch GET 200 https://registry.npmjs.org/@img%2fsharp-darwin-arm64 122ms (cache miss)
125 silly packumentCache full:https://registry.npmjs.org/@img%2fsharp-darwin-arm64 set size:undefined disposed:false
126 silly fetch manifest @img/sharp-libvips-darwin-arm64@1.0.4
127 silly packumentCache full:https://registry.npmjs.org/@img%2fsharp-libvips-darwin-arm64 cache-miss
128 http fetch GET 200 https://registry.npmjs.org/@img%2fsharp-linuxmusl-x64 124ms (cache miss)
129 silly packumentCache full:https://registry.npmjs.org/@img%2fsharp-linuxmusl-x64 set size:undefined disposed:false
130 silly fetch manifest @img/sharp-libvips-linuxmusl-x64@1.0.4
131 silly packumentCache full:https://registry.npmjs.org/@img%2fsharp-libvips-linuxmusl-x64 cache-miss
132 http fetch GET 200 https://registry.npmjs.org/@img%2fsharp-libvips-linux-arm 124ms (cache miss)
133 silly packumentCache full:https://registry.npmjs.org/@img%2fsharp-libvips-linux-arm set size:undefined disposed:false
134 silly fetch manifest @img/sharp-libvips-linuxmusl-arm64@1.0.4
135 silly packumentCache full:https://registry.npmjs.org/@img%2fsharp-libvips-linuxmusl-arm64 cache-miss
136 http fetch GET 200 https://registry.npmjs.org/@img%2fsharp-wasm32 543ms (cache miss)
137 silly packumentCache full:https://registry.npmjs.org/@img%2fsharp-wasm32 set size:undefined disposed:false
138 http fetch GET 200 https://registry.npmjs.org/@img%2fsharp-libvips-darwin-x64 124ms (cache miss)
139 silly packumentCache full:https://registry.npmjs.org/@img%2fsharp-libvips-darwin-x64 set size:undefined disposed:false
140 http fetch GET 200 https://registry.npmjs.org/@img%2fsharp-libvips-linux-x64 129ms (cache miss)
141 silly packumentCache full:https://registry.npmjs.org/@img%2fsharp-libvips-linux-x64 set size:undefined disposed:false
142 http fetch GET 200 https://registry.npmjs.org/@babel%2fruntime 585ms (cache miss)
143 silly packumentCache full:https://registry.npmjs.org/@babel%2fruntime set size:undefined disposed:false
144 http fetch GET 200 https://registry.npmjs.org/@img%2fsharp-libvips-linux-arm64 146ms (cache miss)
145 silly packumentCache full:https://registry.npmjs.org/@img%2fsharp-libvips-linux-arm64 set size:undefined disposed:false
146 http fetch GET 200 https://registry.npmjs.org/@img%2fsharp-linuxmusl-arm64 193ms (cache miss)
147 silly packumentCache full:https://registry.npmjs.org/@img%2fsharp-linuxmusl-arm64 set size:undefined disposed:false
148 http fetch GET 200 https://registry.npmjs.org/@img%2fsharp-libvips-linux-s390x 148ms (cache miss)
149 silly packumentCache full:https://registry.npmjs.org/@img%2fsharp-libvips-linux-s390x set size:undefined disposed:false
150 http fetch GET 200 https://registry.npmjs.org/@img%2fsharp-libvips-darwin-arm64 120ms (cache miss)
151 silly packumentCache full:https://registry.npmjs.org/@img%2fsharp-libvips-darwin-arm64 set size:undefined disposed:false
152 http fetch GET 200 https://registry.npmjs.org/@img%2fsharp-libvips-linuxmusl-x64 123ms (cache miss)
153 silly packumentCache full:https://registry.npmjs.org/@img%2fsharp-libvips-linuxmusl-x64 set size:undefined disposed:false
154 http fetch GET 200 https://registry.npmjs.org/dompurify 663ms (cache miss)
155 silly packumentCache full:https://registry.npmjs.org/dompurify set size:undefined disposed:false
156 http fetch GET 200 https://registry.npmjs.org/@img%2fsharp-libvips-linuxmusl-arm64 129ms (cache miss)
157 silly packumentCache full:https://registry.npmjs.org/@img%2fsharp-libvips-linuxmusl-arm64 set size:undefined disposed:false
158 silly placeDep ROOT @mapbox/node-pre-gyp@1.0.11 OK for: bcrypt@5.1.1 want: ^1.0.11
159 silly placeDep node_modules/bcrypt node-addon-api@5.1.0 OK for: bcrypt@5.1.1 want: ^5.0.0
160 silly fetch manifest npmlog@^5.0.1
161 silly packumentCache full:https://registry.npmjs.org/npmlog cache-miss
162 silly fetch manifest rimraf@^3.0.2
163 silly packumentCache full:https://registry.npmjs.org/rimraf cache-miss
164 silly fetch manifest make-dir@^3.1.0
165 silly packumentCache full:https://registry.npmjs.org/make-dir cache-miss
166 silly fetch manifest node-fetch@^2.6.7
167 silly packumentCache full:https://registry.npmjs.org/node-fetch cache-miss
168 silly fetch manifest https-proxy-agent@^5.0.0
169 silly packumentCache full:https://registry.npmjs.org/https-proxy-agent cache-miss
170 http fetch GET 200 https://registry.npmjs.org/npmlog 115ms (cache miss)
171 silly packumentCache full:https://registry.npmjs.org/npmlog set size:undefined disposed:false
172 http fetch GET 200 https://registry.npmjs.org/rimraf 117ms (cache miss)
173 silly packumentCache full:https://registry.npmjs.org/rimraf set size:undefined disposed:false
174 http fetch GET 200 https://registry.npmjs.org/https-proxy-agent 124ms (cache miss)
175 silly packumentCache full:https://registry.npmjs.org/https-proxy-agent set size:undefined disposed:false
176 http fetch GET 200 https://registry.npmjs.org/make-dir 127ms (cache miss)
177 silly packumentCache full:https://registry.npmjs.org/make-dir set size:undefined disposed:false
178 http fetch GET 200 https://registry.npmjs.org/node-fetch 242ms (cache miss)
179 silly packumentCache full:https://registry.npmjs.org/node-fetch set size:undefined disposed:false
180 silly placeDep node_modules/@mapbox/node-pre-gyp https-proxy-agent@5.0.1 OK for: @mapbox/node-pre-gyp@1.0.11 want: ^5.0.0
181 silly placeDep ROOT make-dir@3.1.0 OK for: @mapbox/node-pre-gyp@1.0.11 want: ^3.1.0
182 silly placeDep node_modules/@mapbox/node-pre-gyp node-fetch@2.7.0 OK for: @mapbox/node-pre-gyp@1.0.11 want: ^2.6.7
183 silly placeDep node_modules/@mapbox/node-pre-gyp npmlog@5.0.1 OK for: @mapbox/node-pre-gyp@1.0.11 want: ^5.0.1
184 silly placeDep ROOT rimraf@3.0.2 OK for: @mapbox/node-pre-gyp@1.0.11 want: ^3.0.2
185 silly fetch manifest debug@4
186 silly packumentCache full:https://registry.npmjs.org/debug cache-miss
187 silly fetch manifest agent-base@6
188 silly packumentCache full:https://registry.npmjs.org/agent-base cache-miss
189 silly fetch manifest semver@^6.0.0
190 silly packumentCache full:https://registry.npmjs.org/semver cache-miss
191 silly fetch manifest gauge@^3.0.0
192 silly packumentCache full:https://registry.npmjs.org/gauge cache-miss
193 silly fetch manifest are-we-there-yet@^2.0.0
194 silly packumentCache full:https://registry.npmjs.org/are-we-there-yet cache-miss
195 silly fetch manifest glob@^7.1.3
196 silly packumentCache full:https://registry.npmjs.org/glob cache-miss
197 http fetch GET 200 https://registry.npmjs.org/are-we-there-yet 131ms (cache miss)
198 silly packumentCache full:https://registry.npmjs.org/are-we-there-yet set size:undefined disposed:false
199 http fetch GET 200 https://registry.npmjs.org/debug 133ms (cache miss)
200 silly packumentCache full:https://registry.npmjs.org/debug set size:undefined disposed:false
201 http fetch GET 200 https://registry.npmjs.org/agent-base 139ms (cache miss)
202 silly packumentCache full:https://registry.npmjs.org/agent-base set size:undefined disposed:false
203 http fetch GET 200 https://registry.npmjs.org/semver 147ms (cache miss)
204 silly packumentCache full:https://registry.npmjs.org/semver set size:undefined disposed:false
205 http fetch GET 200 https://registry.npmjs.org/glob 187ms (cache miss)
206 silly packumentCache full:https://registry.npmjs.org/glob set size:undefined disposed:false
207 http fetch GET 200 https://registry.npmjs.org/gauge 293ms (cache miss)
208 silly packumentCache full:https://registry.npmjs.org/gauge set size:undefined disposed:false
209 silly placeDep ROOT @babel/runtime@7.28.6 REPLACE for: jspdf@4.0.0 want: ^7.28.4
210 silly placeDep ROOT dompurify@3.3.1 OK for: jspdf@4.0.0 want: ^3.2.4
211 silly placeDep ROOT fast-png@6.4.0 OK for: jspdf@4.0.0 want: ^6.2.0
212 silly fetch manifest @types/trusted-types@^2.0.7
213 silly packumentCache full:https://registry.npmjs.org/@types%2ftrusted-types cache-miss
214 silly fetch manifest pako@^2.1.0
215 silly packumentCache full:https://registry.npmjs.org/pako cache-miss
216 silly fetch manifest iobuffer@^5.3.2
217 silly packumentCache full:https://registry.npmjs.org/iobuffer cache-miss
218 silly fetch manifest @types/pako@^2.0.3
219 silly packumentCache full:https://registry.npmjs.org/@types%2fpako cache-miss
220 http fetch GET 200 https://registry.npmjs.org/pako 126ms (cache miss)
221 silly packumentCache full:https://registry.npmjs.org/pako set size:undefined disposed:false
222 http fetch GET 200 https://registry.npmjs.org/iobuffer 317ms (cache miss)
223 silly packumentCache full:https://registry.npmjs.org/iobuffer set size:undefined disposed:false
224 http fetch GET 200 https://registry.npmjs.org/@types%2fpako 318ms (cache miss)
225 silly packumentCache full:https://registry.npmjs.org/@types%2fpako set size:undefined disposed:false
226 http fetch GET 200 https://registry.npmjs.org/@types%2ftrusted-types 825ms (cache miss)
227 silly packumentCache full:https://registry.npmjs.org/@types%2ftrusted-types set size:undefined disposed:false
228 silly placeDep ROOT @types/trusted-types@2.0.7 OK for: dompurify@3.3.1 want: ^2.0.7
229 silly placeDep ROOT @types/pako@2.0.4 OK for: fast-png@6.4.0 want: ^2.0.3
230 silly placeDep ROOT iobuffer@5.4.0 OK for: fast-png@6.4.0 want: ^5.3.2
231 silly placeDep ROOT pako@2.1.0 OK for: fast-png@6.4.0 want: ^2.1.0
232 silly placeDep node_modules/make-dir semver@6.3.1 OK for: make-dir@3.1.0 want: ^6.0.0
233 silly placeDep node_modules/rimraf glob@7.2.3 OK for: rimraf@3.0.2 want: ^7.1.3
234 silly fetch manifest minimatch@^3.1.1
235 silly packumentCache full:https://registry.npmjs.org/minimatch cache-miss
236 http fetch GET 200 https://registry.npmjs.org/minimatch 178ms (cache miss)
237 silly packumentCache full:https://registry.npmjs.org/minimatch set size:undefined disposed:false
238 silly placeDep ROOT @img/sharp-darwin-arm64@0.33.5 OK for: sharp@0.33.5 want: 0.33.5
239 silly placeDep ROOT @img/sharp-darwin-x64@0.33.5 OK for: sharp@0.33.5 want: 0.33.5
240 silly placeDep ROOT @img/sharp-libvips-darwin-arm64@1.0.4 OK for: sharp@0.33.5 want: 1.0.4
241 silly placeDep ROOT @img/sharp-libvips-darwin-x64@1.0.4 OK for: sharp@0.33.5 want: 1.0.4
242 silly placeDep ROOT @img/sharp-libvips-linux-arm@1.0.5 OK for: sharp@0.33.5 want: 1.0.5
243 silly placeDep ROOT @img/sharp-libvips-linux-arm64@1.0.4 OK for: sharp@0.33.5 want: 1.0.4
244 silly placeDep ROOT @img/sharp-libvips-linux-s390x@1.0.4 OK for: sharp@0.33.5 want: 1.0.4
245 silly placeDep ROOT @img/sharp-libvips-linux-x64@1.0.4 OK for: sharp@0.33.5 want: 1.0.4
246 silly placeDep ROOT @img/sharp-libvips-linuxmusl-arm64@1.0.4 OK for: sharp@0.33.5 want: 1.0.4
247 silly placeDep ROOT @img/sharp-libvips-linuxmusl-x64@1.0.4 OK for: sharp@0.33.5 want: 1.0.4
248 silly placeDep ROOT @img/sharp-linux-arm@0.33.5 OK for: sharp@0.33.5 want: 0.33.5
249 silly placeDep ROOT @img/sharp-linux-arm64@0.33.5 OK for: sharp@0.33.5 want: 0.33.5
250 silly placeDep ROOT @img/sharp-linux-s390x@0.33.5 OK for: sharp@0.33.5 want: 0.33.5
251 silly placeDep ROOT @img/sharp-linux-x64@0.33.5 OK for: sharp@0.33.5 want: 0.33.5
252 silly placeDep ROOT @img/sharp-linuxmusl-arm64@0.33.5 OK for: sharp@0.33.5 want: 0.33.5
253 silly placeDep ROOT @img/sharp-linuxmusl-x64@0.33.5 OK for: sharp@0.33.5 want: 0.33.5
254 silly placeDep ROOT @img/sharp-wasm32@0.33.5 OK for: sharp@0.33.5 want: 0.33.5
255 silly placeDep ROOT @img/sharp-win32-ia32@0.33.5 OK for: sharp@0.33.5 want: 0.33.5
256 silly placeDep ROOT @img/sharp-win32-x64@0.33.5 OK for: sharp@0.33.5 want: 0.33.5
257 silly placeDep ROOT color@4.2.3 OK for: sharp@0.33.5 want: ^4.2.3
258 silly fetch manifest @emnapi/runtime@^1.2.0
259 silly packumentCache full:https://registry.npmjs.org/@emnapi%2fruntime cache-miss
260 http fetch GET 200 https://registry.npmjs.org/@emnapi%2fruntime 144ms (cache miss)
261 silly packumentCache full:https://registry.npmjs.org/@emnapi%2fruntime set size:undefined disposed:false
262 silly placeDep ROOT @emnapi/runtime@1.8.1 OK for: @img/sharp-wasm32@0.33.5 want: ^1.2.0
263 silly placeDep node_modules/@mapbox/node-pre-gyp agent-base@6.0.2 OK for: https-proxy-agent@5.0.1 want: 6
264 silly placeDep node_modules/@mapbox/node-pre-gyp debug@4.4.3 OK for: https-proxy-agent@5.0.1 want: 4
265 silly fetch manifest ms@^2.1.3
266 silly packumentCache full:https://registry.npmjs.org/ms cache-miss
267 http fetch GET 200 https://registry.npmjs.org/ms 130ms (cache miss)
268 silly packumentCache full:https://registry.npmjs.org/ms set size:undefined disposed:false
269 silly placeDep node_modules/@mapbox/node-pre-gyp ms@2.1.3 OK for: debug@4.4.3 want: ^2.1.3
270 silly placeDep node_modules/@mapbox/node-pre-gyp are-we-there-yet@2.0.0 OK for: npmlog@5.0.1 want: ^2.0.0
271 silly placeDep node_modules/@mapbox/node-pre-gyp gauge@3.0.2 OK for: npmlog@5.0.1 want: ^3.0.0
272 silly fetch manifest strip-ansi@^6.0.1
273 silly packumentCache full:https://registry.npmjs.org/strip-ansi cache-miss
274 silly fetch manifest signal-exit@^3.0.0
275 silly packumentCache full:https://registry.npmjs.org/signal-exit cache-miss
276 silly fetch manifest string-width@^4.2.3
277 silly packumentCache full:https://registry.npmjs.org/string-width cache-miss
278 http fetch GET 200 https://registry.npmjs.org/signal-exit 126ms (cache miss)
279 silly packumentCache full:https://registry.npmjs.org/signal-exit set size:undefined disposed:false
280 http fetch GET 200 https://registry.npmjs.org/strip-ansi 128ms (cache miss)
281 silly packumentCache full:https://registry.npmjs.org/strip-ansi set size:undefined disposed:false
282 http fetch GET 200 https://registry.npmjs.org/string-width 129ms (cache miss)
283 silly packumentCache full:https://registry.npmjs.org/string-width set size:undefined disposed:false
284 silly placeDep node_modules/@mapbox/node-pre-gyp signal-exit@3.0.7 OK for: gauge@3.0.2 want: ^3.0.0
285 silly placeDep node_modules/@mapbox/node-pre-gyp string-width@4.2.3 OK for: gauge@3.0.2 want: ^4.2.3
286 silly placeDep node_modules/@mapbox/node-pre-gyp strip-ansi@6.0.1 OK for: gauge@3.0.2 want: ^6.0.1
287 silly fetch manifest emoji-regex@^8.0.0
288 silly packumentCache full:https://registry.npmjs.org/emoji-regex cache-miss
289 silly fetch manifest ansi-regex@^5.0.1
290 silly packumentCache full:https://registry.npmjs.org/ansi-regex cache-miss
291 http fetch GET 200 https://registry.npmjs.org/ansi-regex 203ms (cache miss)
292 silly packumentCache full:https://registry.npmjs.org/ansi-regex set size:undefined disposed:false
293 http fetch GET 200 https://registry.npmjs.org/emoji-regex 206ms (cache miss)
294 silly packumentCache full:https://registry.npmjs.org/emoji-regex set size:undefined disposed:false
295 silly placeDep node_modules/@mapbox/node-pre-gyp emoji-regex@8.0.0 OK for: string-width@4.2.3 want: ^8.0.0
296 silly placeDep node_modules/@mapbox/node-pre-gyp ansi-regex@5.0.1 OK for: strip-ansi@6.0.1 want: ^5.0.1
297 silly placeDep node_modules/rimraf minimatch@3.1.2 OK for: glob@7.2.3 want: ^3.1.1
298 silly fetch manifest brace-expansion@^1.1.7
299 silly packumentCache full:https://registry.npmjs.org/brace-expansion cache-miss
300 http fetch GET 200 https://registry.npmjs.org/brace-expansion 189ms (cache miss)
301 silly packumentCache full:https://registry.npmjs.org/brace-expansion set size:undefined disposed:false
302 silly placeDep node_modules/rimraf brace-expansion@1.1.12 OK for: minimatch@3.1.2 want: ^1.1.7
303 verbose type range
304 verbose stack @genkit-ai/dotprompt: No matching version found for @genkit-ai/dotprompt@^1.21.0.
304 verbose stack     at module.exports (C:\Program Files\nodejs\node_modules\npm\node_modules\npm-pick-manifest\lib\index.js:215:23)
304 verbose stack     at RegistryFetcher.manifest (C:\Program Files\nodejs\node_modules\npm\node_modules\pacote\lib\registry.js:130:54)
304 verbose stack     at async #fetchManifest (C:\Program Files\nodejs\node_modules\npm\node_modules\@npmcli\arborist\lib\arborist\build-ideal-tree.js:1215:20)
304 verbose stack     at async #nodeFromEdge (C:\Program Files\nodejs\node_modules\npm\node_modules\@npmcli\arborist\lib\arborist\build-ideal-tree.js:1053:19)
304 verbose stack     at async #buildDepStep (C:\Program Files\nodejs\node_modules\npm\node_modules\@npmcli\arborist\lib\arborist\build-ideal-tree.js:917:11)
304 verbose stack     at async Arborist.buildIdealTree (C:\Program Files\nodejs\node_modules\npm\node_modules\@npmcli\arborist\lib\arborist\build-ideal-tree.js:182:7)
304 verbose stack     at async Promise.all (index 1)
304 verbose stack     at async Arborist.reify (C:\Program Files\nodejs\node_modules\npm\node_modules\@npmcli\arborist\lib\arborist\reify.js:126:5)
304 verbose stack     at async Install.exec (C:\Program Files\nodejs\node_modules\npm\lib\commands\install.js:150:5)
304 verbose stack     at async Npm.exec (C:\Program Files\nodejs\node_modules\npm\lib\npm.js:208:9)
305 error code ETARGET
306 error notarget No matching version found for @genkit-ai/dotprompt@^1.21.0.
307 error notarget In most cases you or one of your dependencies are requesting
307 error notarget a package version that doesn't exist.
308 silly unfinished npm timer reify 1768670814296
309 silly unfinished npm timer reify:loadTrees 1768670814296
310 verbose cwd C:\Users\USER 1\Documents\my_Codes\Carement_Fashion\Carement_Central\Factory-Shop-ERP
311 verbose os Windows_NT 10.0.26200
312 verbose node v24.9.0
313 verbose npm  v11.6.0
314 notice
314 notice New [33mminor[39m version of npm available! [33m11.6.0[39m -> [34m11.7.0[39m
314 notice Changelog: [34mhttps://github.com/npm/cli/releases/tag/v11.7.0[39m
314 notice To update run: [4mnpm install -g npm@11.7.0[24m
314 notice  { force: true, Symbol(proc-log.meta): true }
315 verbose exit 1
316 verbose code 1
317 error A complete log of this run can be found in: C:\Users\USER 1\Documents\my_Codes\Carement_Fashion\Carement_Central\Factory-Shop-ERP\.npm-cache\_logs\2026-01-17T17_26_53_933Z-debug-0.log
